0 info it worked if it ends with ok
1 verbose cli [ '/usr/local/bin/node',
1 verbose cli   '/Users/jrieken/.npm-packages/bin/npm',
1 verbose cli   'run',
1 verbose cli   'compile' ]
2 info using npm@3.8.6
3 info using node@v6.6.0
4 verbose stack Error: missing script: compile
4 verbose stack     at run (/Users/jrieken/.npm-packages/lib/node_modules/npm/lib/run-script.js:147:19)
4 verbose stack     at /Users/jrieken/.npm-packages/lib/node_modules/npm/lib/run-script.js:57:5
4 verbose stack     at /Users/jrieken/.npm-packages/lib/node_modules/npm/node_modules/read-package-json/read-json.js:345:5
4 verbose stack     at checkBinReferences_ (/Users/jrieken/.npm-packages/lib/node_modules/npm/node_modules/read-package-json/read-json.js:309:45)
4 verbose stack     at final (/Users/jrieken/.npm-packages/lib/node_modules/npm/node_modules/read-package-json/read-json.js:343:3)
4 verbose stack     at then (/Users/jrieken/.npm-packages/lib/node_modules/npm/node_modules/read-package-json/read-json.js:113:5)
4 verbose stack     at /Users/jrieken/.npm-packages/lib/node_modules/npm/node_modules/read-package-json/read-json.js:232:12
4 verbose stack     at /Users/jrieken/.npm-packages/lib/node_modules/npm/node_modules/graceful-fs/graceful-fs.js:78:16
4 verbose stack     at tryToString (fs.js:455:3)
4 verbose stack     at FSReqWrap.readFileAfterClose [as oncomplete] (fs.js:442:12)
5 verbose cwd /Users/jrieken/Code/collab/backspace
6 error Darwin 16.5.0
7 error argv "/usr/local/bin/node" "/Users/jrieken/.npm-packages/bin/npm" "run" "compile"
8 error node v6.6.0
9 error npm  v3.8.6
10 error missing script: compile
11 error If you need help, you may report this error at:
11 error     <https://github.com/npm/npm/issues>
12 verbose exit [ 1, true ]
